<?xml version="1.0" encoding="UTF-8"?>
<!-- Generated by org.testng.reporters.JUnitReportReporter -->
<testsuite skipped="0" hostname="Mistres-MacBook-Pro.local" name="Com.Qa.Techlistic.TechlisiticTC" tests="3" failures="0" timestamp="10 Jun 2020 23:15:42 GMT" time="5.962" errors="0">
  <testcase name="GetUrl" time="1.764" classname="Com.Qa.Techlistic.TechlisiticTC"/>
  <testcase name="VerfySignIn" time="2.879" classname="Com.Qa.Techlistic.TechlisiticTC"/>
  <testcase name="EnterPersonalINFO" time="1.319" classname="Com.Qa.Techlistic.TechlisiticTC"/>
</testsuite> <!-- Com.Qa.Techlistic.TechlisiticTC -->
